[0.076s] DEBUG:colcon:Command line arguments: ['/usr/bin/colcon', 'build']
[0.076s] DEBUG:colcon:Parsed command line arguments: Namespace(log_base=None, log_level=None, verb_name='build', build_base='build', install_base='install', merge_install=False, symlink_install=False, test_result_base=None, continue_on_error=False, executor='parallel', parallel_workers=16, event_handlers=None, ignore_user_meta=False, metas=['./colcon.meta'], base_paths=['.'], packages_ignore=None, packages_ignore_regex=None, paths=None, packages_up_to=None, packages_up_to_regex=None, packages_above=None, packages_above_and_dependencies=None, packages_above_depth=None, packages_select_by_dep=None, packages_skip_by_dep=None, packages_skip_up_to=None, packages_select_build_failed=False, packages_skip_build_finished=False, packages_select_test_failures=False, packages_skip_test_passed=False, packages_select=None, packages_skip=None, packages_select_regex=None, packages_skip_regex=None, packages_start=None, packages_end=None, allow_overriding=[], cmake_args=None, cmake_target=None, cmake_target_skip_unavailable=False, cmake_clean_cache=False, cmake_clean_first=False, cmake_force_configure=False, ament_cmake_args=None, catkin_cmake_args=None, catkin_skip_building_tests=False, verb_parser=<colcon_defaults.argument_parser.defaults.DefaultArgumentsDecorator object at 0x733d2d9f8910>, verb_extension=<colcon_core.verb.build.BuildVerb object at 0x733d2dafd540>, main=<bound method BuildVerb.main of <colcon_core.verb.build.BuildVerb object at 0x733d2dafd540>>)
[0.198s] Level 1:colcon.colcon_core.package_discovery:discover_packages(colcon_meta) check parameters
[0.198s] Level 1:colcon.colcon_core.package_discovery:discover_packages(recursive) check parameters
[0.198s] Level 1:colcon.colcon_core.package_discovery:discover_packages(ignore) check parameters
[0.198s] Level 1:colcon.colcon_core.package_discovery:discover_packages(path) check parameters
[0.198s] Level 1:colcon.colcon_core.package_discovery:discover_packages(colcon_meta) discover
[0.198s] Level 1:colcon.colcon_core.package_discovery:discover_packages(recursive) discover
[0.198s] INFO:colcon.colcon_core.package_discovery:Crawling recursively for packages in '/home/lancepharand11/robot_limo_ws/src/ros-task/workspace'
[0.198s] Level 1:colcon.colcon_core.package_identification:_identify(.) by extensions ['ignore', 'ignore_ament_install']
[0.198s] Level 1:colcon.colcon_core.package_identification:_identify(.) by extension 'ignore'
[0.198s] Level 1:colcon.colcon_core.package_identification:_identify(.) by extension 'ignore_ament_install'
[0.198s] Level 1:colcon.colcon_core.package_identification:_identify(.) by extensions ['colcon_pkg']
[0.198s] Level 1:colcon.colcon_core.package_identification:_identify(.) by extension 'colcon_pkg'
[0.198s] Level 1:colcon.colcon_core.package_identification:_identify(.) by extensions ['colcon_meta']
[0.198s] Level 1:colcon.colcon_core.package_identification:_identify(.) by extension 'colcon_meta'
[0.198s] Level 1:colcon.colcon_core.package_identification:_identify(.) by extensions ['ros']
[0.198s] Level 1:colcon.colcon_core.package_identification:_identify(.) by extension 'ros'
[0.207s] Level 1:colcon.colcon_core.package_identification:_identify(.) by extensions ['cmake', 'python']
[0.207s] Level 1:colcon.colcon_core.package_identification:_identify(.) by extension 'cmake'
[0.207s] Level 1:colcon.colcon_core.package_identification:_identify(.) by extension 'python'
[0.207s] Level 1:colcon.colcon_core.package_identification:_identify(.) by extensions ['python_setup_py']
[0.207s] Level 1:colcon.colcon_core.package_identification:_identify(.) by extension 'python_setup_py'
[0.207s] Level 1:colcon.colcon_core.package_identification:_identify(build) by extensions ['ignore', 'ignore_ament_install']
[0.207s] Level 1:colcon.colcon_core.package_identification:_identify(build) by extension 'ignore'
[0.207s] Level 1:colcon.colcon_core.package_identification:_identify(build) ignored
[0.207s] Level 1:colcon.colcon_core.package_identification:_identify(install) by extensions ['ignore', 'ignore_ament_install']
[0.207s] Level 1:colcon.colcon_core.package_identification:_identify(install) by extension 'ignore'
[0.208s] Level 1:colcon.colcon_core.package_identification:_identify(install) ignored
[0.208s] Level 1:colcon.colcon_core.package_identification:_identify(limo_control) by extensions ['ignore', 'ignore_ament_install']
[0.208s] Level 1:colcon.colcon_core.package_identification:_identify(limo_control) by extension 'ignore'
[0.208s] Level 1:colcon.colcon_core.package_identification:_identify(limo_control) by extension 'ignore_ament_install'
[0.208s] Level 1:colcon.colcon_core.package_identification:_identify(limo_control) by extensions ['colcon_pkg']
[0.208s] Level 1:colcon.colcon_core.package_identification:_identify(limo_control) by extension 'colcon_pkg'
[0.208s] Level 1:colcon.colcon_core.package_identification:_identify(limo_control) by extensions ['colcon_meta']
[0.208s] Level 1:colcon.colcon_core.package_identification:_identify(limo_control) by extension 'colcon_meta'
[0.208s] Level 1:colcon.colcon_core.package_identification:_identify(limo_control) by extensions ['ros']
[0.208s] Level 1:colcon.colcon_core.package_identification:_identify(limo_control) by extension 'ros'
[0.210s] DEBUG:colcon.colcon_core.package_identification:Package 'limo_control' with type 'ros.ament_cmake' and name 'limo_control'
[0.210s] Level 1:colcon.colcon_core.package_identification:_identify(limo_simulation) by extensions ['ignore', 'ignore_ament_install']
[0.210s] Level 1:colcon.colcon_core.package_identification:_identify(limo_simulation) by extension 'ignore'
[0.210s] Level 1:colcon.colcon_core.package_identification:_identify(limo_simulation) by extension 'ignore_ament_install'
[0.210s] Level 1:colcon.colcon_core.package_identification:_identify(limo_simulation) by extensions ['colcon_pkg']
[0.210s] Level 1:colcon.colcon_core.package_identification:_identify(limo_simulation) by extension 'colcon_pkg'
[0.210s] Level 1:colcon.colcon_core.package_identification:_identify(limo_simulation) by extensions ['colcon_meta']
[0.210s] Level 1:colcon.colcon_core.package_identification:_identify(limo_simulation) by extension 'colcon_meta'
[0.210s] Level 1:colcon.colcon_core.package_identification:_identify(limo_simulation) by extensions ['ros']
[0.210s] Level 1:colcon.colcon_core.package_identification:_identify(limo_simulation) by extension 'ros'
[0.211s] DEBUG:colcon.colcon_core.package_identification:Package 'limo_simulation' with type 'ros.ament_cmake' and name 'limo_simulation'
[0.211s] Level 1:colcon.colcon_core.package_identification:_identify(log) by extensions ['ignore', 'ignore_ament_install']
[0.211s] Level 1:colcon.colcon_core.package_identification:_identify(log) by extension 'ignore'
[0.211s] Level 1:colcon.colcon_core.package_identification:_identify(log) ignored
[0.211s] Level 1:colcon.colcon_core.package_discovery:discover_packages(recursive) using defaults
[0.211s] Level 1:colcon.colcon_core.package_discovery:discover_packages(ignore) discover
[0.211s] Level 1:colcon.colcon_core.package_discovery:discover_packages(ignore) using defaults
[0.211s] Level 1:colcon.colcon_core.package_discovery:discover_packages(path) discover
[0.211s] Level 1:colcon.colcon_core.package_discovery:discover_packages(path) using defaults
[0.226s] Level 1:colcon.colcon_core.package_discovery:discover_packages(prefix_path) check parameters
[0.226s] Level 1:colcon.colcon_core.package_discovery:discover_packages(prefix_path) discover
[0.227s] WARNING:colcon.colcon_ros.prefix_path.ament:The path '/home/lancepharand11/robot_limo_ws/install/limo_bringup' in the environment variable AMENT_PREFIX_PATH doesn't exist
[0.227s] WARNING:colcon.colcon_ros.prefix_path.ament:The path '/home/lancepharand11/robot_limo_ws/install/limo_simulation' in the environment variable AMENT_PREFIX_PATH doesn't exist
[0.227s] WARNING:colcon.colcon_ros.prefix_path.ament:The path '/home/lancepharand11/robot_limo_ws/install/limo_control' in the environment variable AMENT_PREFIX_PATH doesn't exist
[0.227s] WARNING:colcon.colcon_ros.prefix_path.catkin:The path '/home/lancepharand11/robot_limo_ws/install/limo_bringup' in the environment variable CMAKE_PREFIX_PATH doesn't exist
[0.227s] WARNING:colcon.colcon_ros.prefix_path.catkin:The path '/home/lancepharand11/robot_limo_ws/install/limo_simulation' in the environment variable CMAKE_PREFIX_PATH doesn't exist
[0.227s] WARNING:colcon.colcon_ros.prefix_path.catkin:The path '/home/lancepharand11/robot_limo_ws/install/limo_control' in the environment variable CMAKE_PREFIX_PATH doesn't exist
[0.228s] DEBUG:colcon.colcon_installed_package_information.package_discovery:Found 0 installed packages in /home/lancepharand11/robot_limo_ws/install
[0.228s] DEBUG:colcon.colcon_installed_package_information.package_discovery:Found 4 installed packages in /home/lancepharand11/ros2_ws/install
[0.230s] DEBUG:colcon.colcon_installed_package_information.package_discovery:Found 331 installed packages in /opt/ros/humble
[0.231s] Level 1:colcon.colcon_core.package_discovery:discover_packages(prefix_path) using defaults
[0.272s] Level 5:colcon.colcon_core.verb:set package 'limo_control' build argument 'cmake_args' from command line to 'None'
[0.272s] Level 5:colcon.colcon_core.verb:set package 'limo_control' build argument 'cmake_target' from command line to 'None'
[0.272s] Level 5:colcon.colcon_core.verb:set package 'limo_control' build argument 'cmake_target_skip_unavailable' from command line to 'False'
[0.272s] Level 5:colcon.colcon_core.verb:set package 'limo_control' build argument 'cmake_clean_cache' from command line to 'False'
[0.272s] Level 5:colcon.colcon_core.verb:set package 'limo_control' build argument 'cmake_clean_first' from command line to 'False'
[0.272s] Level 5:colcon.colcon_core.verb:set package 'limo_control' build argument 'cmake_force_configure' from command line to 'False'
[0.272s] Level 5:colcon.colcon_core.verb:set package 'limo_control' build argument 'ament_cmake_args' from command line to 'None'
[0.272s] Level 5:colcon.colcon_core.verb:set package 'limo_control' build argument 'catkin_cmake_args' from command line to 'None'
[0.273s] Level 5:colcon.colcon_core.verb:set package 'limo_control' build argument 'catkin_skip_building_tests' from command line to 'False'
[0.273s] DEBUG:colcon.colcon_core.verb:Building package 'limo_control' with the following arguments: {'ament_cmake_args': None, 'build_base': '/home/lancepharand11/robot_limo_ws/src/ros-task/workspace/build/limo_control', 'catkin_cmake_args': None, 'catkin_skip_building_tests': False, 'cmake_args': None, 'cmake_clean_cache': False, 'cmake_clean_first': False, 'cmake_force_configure': False, 'cmake_target': None, 'cmake_target_skip_unavailable': False, 'install_base': '/home/lancepharand11/robot_limo_ws/src/ros-task/workspace/install/limo_control', 'merge_install': False, 'path': '/home/lancepharand11/robot_limo_ws/src/ros-task/workspace/limo_control', 'symlink_install': False, 'test_result_base': None}
[0.273s] Level 5:colcon.colcon_core.verb:set package 'limo_simulation' build argument 'cmake_args' from command line to 'None'
[0.273s] Level 5:colcon.colcon_core.verb:set package 'limo_simulation' build argument 'cmake_target' from command line to 'None'
[0.273s] Level 5:colcon.colcon_core.verb:set package 'limo_simulation' build argument 'cmake_target_skip_unavailable' from command line to 'False'
[0.273s] Level 5:colcon.colcon_core.verb:set package 'limo_simulation' build argument 'cmake_clean_cache' from command line to 'False'
[0.273s] Level 5:colcon.colcon_core.verb:set package 'limo_simulation' build argument 'cmake_clean_first' from command line to 'False'
[0.273s] Level 5:colcon.colcon_core.verb:set package 'limo_simulation' build argument 'cmake_force_configure' from command line to 'False'
[0.273s] Level 5:colcon.colcon_core.verb:set package 'limo_simulation' build argument 'ament_cmake_args' from command line to 'None'
[0.273s] Level 5:colcon.colcon_core.verb:set package 'limo_simulation' build argument 'catkin_cmake_args' from command line to 'None'
[0.273s] Level 5:colcon.colcon_core.verb:set package 'limo_simulation' build argument 'catkin_skip_building_tests' from command line to 'False'
[0.273s] DEBUG:colcon.colcon_core.verb:Building package 'limo_simulation' with the following arguments: {'ament_cmake_args': None, 'build_base': '/home/lancepharand11/robot_limo_ws/src/ros-task/workspace/build/limo_simulation', 'catkin_cmake_args': None, 'catkin_skip_building_tests': False, 'cmake_args': None, 'cmake_clean_cache': False, 'cmake_clean_first': False, 'cmake_force_configure': False, 'cmake_target': None, 'cmake_target_skip_unavailable': False, 'install_base': '/home/lancepharand11/robot_limo_ws/src/ros-task/workspace/install/limo_simulation', 'merge_install': False, 'path': '/home/lancepharand11/robot_limo_ws/src/ros-task/workspace/limo_simulation', 'symlink_install': False, 'test_result_base': None}
[0.273s] INFO:colcon.colcon_core.executor:Executing jobs using 'parallel' executor
[0.274s] DEBUG:colcon.colcon_parallel_executor.executor.parallel:run_until_complete
[0.274s] INFO:colcon.colcon_ros.task.ament_cmake.build:Building ROS package in '/home/lancepharand11/robot_limo_ws/src/ros-task/workspace/limo_control' with build type 'ament_cmake'
[0.274s] INFO:colcon.colcon_cmake.task.cmake.build:Building CMake package in '/home/lancepharand11/robot_limo_ws/src/ros-task/workspace/limo_control'
[0.276s] INFO:colcon.colcon_core.plugin_system:Skipping extension 'colcon_core.shell.bat': Not used on non-Windows systems
[0.276s] INFO:colcon.colcon_core.shell:Skip shell extension 'powershell' for command environment: Not usable outside of PowerShell
[0.276s] DEBUG:colcon.colcon_core.shell:Skip shell extension 'dsv' for command environment
[0.279s] INFO:colcon.colcon_ros.task.ament_cmake.build:Building ROS package in '/home/lancepharand11/robot_limo_ws/src/ros-task/workspace/limo_simulation' with build type 'ament_cmake'
[0.280s] INFO:colcon.colcon_cmake.task.cmake.build:Building CMake package in '/home/lancepharand11/robot_limo_ws/src/ros-task/workspace/limo_simulation'
[0.280s] INFO:colcon.colcon_core.shell:Skip shell extension 'powershell' for command environment: Not usable outside of PowerShell
[0.280s] DEBUG:colcon.colcon_core.shell:Skip shell extension 'dsv' for command environment
[0.287s] DEBUG:colcon.colcon_core.event_handler.log_command:Invoking command in '/home/lancepharand11/robot_limo_ws/src/ros-task/workspace/build/limo_control': CMAKE_PREFIX_PATH=${CMAKE_PREFIX_PATH}:/home/lancepharand11/ros2_ws/install/my_py_pkg:/opt/ros/humble /usr/bin/cmake /home/lancepharand11/robot_limo_ws/src/ros-task/workspace/limo_control -DCMAKE_INSTALL_PREFIX=/home/lancepharand11/robot_limo_ws/src/ros-task/workspace/install/limo_control
[0.288s] DEBUG:colcon.colcon_core.event_handler.log_command:Invoking command in '/home/lancepharand11/robot_limo_ws/src/ros-task/workspace/build/limo_simulation': CMAKE_PREFIX_PATH=${CMAKE_PREFIX_PATH}:/home/lancepharand11/ros2_ws/install/my_py_pkg:/opt/ros/humble /usr/bin/cmake /home/lancepharand11/robot_limo_ws/src/ros-task/workspace/limo_simulation -DCMAKE_INSTALL_PREFIX=/home/lancepharand11/robot_limo_ws/src/ros-task/workspace/install/limo_simulation
[0.831s] DEBUG:colcon.colcon_core.event_handler.log_command:Invoked command in '/home/lancepharand11/robot_limo_ws/src/ros-task/workspace/build/limo_simulation' returned '0': CMAKE_PREFIX_PATH=${CMAKE_PREFIX_PATH}:/home/lancepharand11/ros2_ws/install/my_py_pkg:/opt/ros/humble /usr/bin/cmake /home/lancepharand11/robot_limo_ws/src/ros-task/workspace/limo_simulation -DCMAKE_INSTALL_PREFIX=/home/lancepharand11/robot_limo_ws/src/ros-task/workspace/install/limo_simulation
[0.832s] DEBUG:colcon.colcon_core.event_handler.log_command:Invoking command in '/home/lancepharand11/robot_limo_ws/src/ros-task/workspace/build/limo_simulation': CMAKE_PREFIX_PATH=${CMAKE_PREFIX_PATH}:/home/lancepharand11/ros2_ws/install/my_py_pkg:/opt/ros/humble /usr/bin/cmake --build /home/lancepharand11/robot_limo_ws/src/ros-task/workspace/build/limo_simulation -- -j16 -l16
[0.866s] DEBUG:colcon.colcon_core.event_handler.log_command:Invoked command in '/home/lancepharand11/robot_limo_ws/src/ros-task/workspace/build/limo_simulation' returned '0': CMAKE_PREFIX_PATH=${CMAKE_PREFIX_PATH}:/home/lancepharand11/ros2_ws/install/my_py_pkg:/opt/ros/humble /usr/bin/cmake --build /home/lancepharand11/robot_limo_ws/src/ros-task/workspace/build/limo_simulation -- -j16 -l16
[0.894s] DEBUG:colcon.colcon_core.event_handler.log_command:Invoking command in '/home/lancepharand11/robot_limo_ws/src/ros-task/workspace/build/limo_simulation': CMAKE_PREFIX_PATH=${CMAKE_PREFIX_PATH}:/home/lancepharand11/ros2_ws/install/my_py_pkg:/opt/ros/humble /usr/bin/cmake --install /home/lancepharand11/robot_limo_ws/src/ros-task/workspace/build/limo_simulation
[1.016s] Level 1:colcon.colcon_core.environment:create_environment_scripts_only(limo_simulation)
[1.016s] DEBUG:colcon.colcon_core.event_handler.log_command:Invoked command in '/home/lancepharand11/robot_limo_ws/src/ros-task/workspace/build/limo_simulation' returned '0': CMAKE_PREFIX_PATH=${CMAKE_PREFIX_PATH}:/home/lancepharand11/ros2_ws/install/my_py_pkg:/opt/ros/humble /usr/bin/cmake --install /home/lancepharand11/robot_limo_ws/src/ros-task/workspace/build/limo_simulation
[1.018s] Level 1:colcon.colcon_core.environment:checking '/home/lancepharand11/robot_limo_ws/src/ros-task/workspace/install/limo_simulation' for CMake module files
[1.018s] Level 1:colcon.colcon_core.environment:checking '/home/lancepharand11/robot_limo_ws/src/ros-task/workspace/install/limo_simulation' for CMake config files
[1.018s] Level 1:colcon.colcon_core.shell:create_environment_hook('limo_simulation', 'cmake_prefix_path')
[1.018s] INFO:colcon.colcon_core.shell:Creating environment hook '/home/lancepharand11/robot_limo_ws/src/ros-task/workspace/install/limo_simulation/share/limo_simulation/hook/cmake_prefix_path.ps1'
[1.019s] INFO:colcon.colcon_core.shell:Creating environment descriptor '/home/lancepharand11/robot_limo_ws/src/ros-task/workspace/install/limo_simulation/share/limo_simulation/hook/cmake_prefix_path.dsv'
[1.019s] INFO:colcon.colcon_core.shell:Creating environment hook '/home/lancepharand11/robot_limo_ws/src/ros-task/workspace/install/limo_simulation/share/limo_simulation/hook/cmake_prefix_path.sh'
[1.020s] Level 1:colcon.colcon_core.environment:checking '/home/lancepharand11/robot_limo_ws/src/ros-task/workspace/install/limo_simulation/bin'
[1.020s] Level 1:colcon.colcon_core.environment:checking '/home/lancepharand11/robot_limo_ws/src/ros-task/workspace/install/limo_simulation/lib/pkgconfig/limo_simulation.pc'
[1.020s] Level 1:colcon.colcon_core.environment:checking '/home/lancepharand11/robot_limo_ws/src/ros-task/workspace/install/limo_simulation/lib/python3.10/site-packages'
[1.020s] Level 1:colcon.colcon_core.environment:checking '/home/lancepharand11/robot_limo_ws/src/ros-task/workspace/install/limo_simulation/bin'
[1.020s] INFO:colcon.colcon_core.shell:Creating package script '/home/lancepharand11/robot_limo_ws/src/ros-task/workspace/install/limo_simulation/share/limo_simulation/package.ps1'
[1.021s] INFO:colcon.colcon_core.shell:Creating package descriptor '/home/lancepharand11/robot_limo_ws/src/ros-task/workspace/install/limo_simulation/share/limo_simulation/package.dsv'
[1.021s] INFO:colcon.colcon_core.shell:Creating package script '/home/lancepharand11/robot_limo_ws/src/ros-task/workspace/install/limo_simulation/share/limo_simulation/package.sh'
[1.022s] INFO:colcon.colcon_core.shell:Creating package script '/home/lancepharand11/robot_limo_ws/src/ros-task/workspace/install/limo_simulation/share/limo_simulation/package.bash'
[1.022s] INFO:colcon.colcon_core.shell:Creating package script '/home/lancepharand11/robot_limo_ws/src/ros-task/workspace/install/limo_simulation/share/limo_simulation/package.zsh'
[1.023s] Level 1:colcon.colcon_core.environment:create_file_with_runtime_dependencies(/home/lancepharand11/robot_limo_ws/src/ros-task/workspace/install/limo_simulation/share/colcon-core/packages/limo_simulation)
[1.043s] Level 1:colcon.colcon_core.environment:create_environment_scripts_only(limo_simulation)
[1.043s] Level 1:colcon.colcon_core.environment:checking '/home/lancepharand11/robot_limo_ws/src/ros-task/workspace/install/limo_simulation' for CMake module files
[1.044s] Level 1:colcon.colcon_core.environment:checking '/home/lancepharand11/robot_limo_ws/src/ros-task/workspace/install/limo_simulation' for CMake config files
[1.044s] Level 1:colcon.colcon_core.shell:create_environment_hook('limo_simulation', 'cmake_prefix_path')
[1.044s] INFO:colcon.colcon_core.shell:Creating environment hook '/home/lancepharand11/robot_limo_ws/src/ros-task/workspace/install/limo_simulation/share/limo_simulation/hook/cmake_prefix_path.ps1'
[1.045s] INFO:colcon.colcon_core.shell:Creating environment descriptor '/home/lancepharand11/robot_limo_ws/src/ros-task/workspace/install/limo_simulation/share/limo_simulation/hook/cmake_prefix_path.dsv'
[1.045s] INFO:colcon.colcon_core.shell:Creating environment hook '/home/lancepharand11/robot_limo_ws/src/ros-task/workspace/install/limo_simulation/share/limo_simulation/hook/cmake_prefix_path.sh'
[1.045s] Level 1:colcon.colcon_core.environment:checking '/home/lancepharand11/robot_limo_ws/src/ros-task/workspace/install/limo_simulation/bin'
[1.045s] Level 1:colcon.colcon_core.environment:checking '/home/lancepharand11/robot_limo_ws/src/ros-task/workspace/install/limo_simulation/lib/pkgconfig/limo_simulation.pc'
[1.046s] Level 1:colcon.colcon_core.environment:checking '/home/lancepharand11/robot_limo_ws/src/ros-task/workspace/install/limo_simulation/lib/python3.10/site-packages'
[1.046s] Level 1:colcon.colcon_core.environment:checking '/home/lancepharand11/robot_limo_ws/src/ros-task/workspace/install/limo_simulation/bin'
[1.046s] INFO:colcon.colcon_core.shell:Creating package script '/home/lancepharand11/robot_limo_ws/src/ros-task/workspace/install/limo_simulation/share/limo_simulation/package.ps1'
[1.046s] INFO:colcon.colcon_core.shell:Creating package descriptor '/home/lancepharand11/robot_limo_ws/src/ros-task/workspace/install/limo_simulation/share/limo_simulation/package.dsv'
[1.047s] INFO:colcon.colcon_core.shell:Creating package script '/home/lancepharand11/robot_limo_ws/src/ros-task/workspace/install/limo_simulation/share/limo_simulation/package.sh'
[1.047s] INFO:colcon.colcon_core.shell:Creating package script '/home/lancepharand11/robot_limo_ws/src/ros-task/workspace/install/limo_simulation/share/limo_simulation/package.bash'
[1.047s] INFO:colcon.colcon_core.shell:Creating package script '/home/lancepharand11/robot_limo_ws/src/ros-task/workspace/install/limo_simulation/share/limo_simulation/package.zsh'
[1.048s] Level 1:colcon.colcon_core.environment:create_file_with_runtime_dependencies(/home/lancepharand11/robot_limo_ws/src/ros-task/workspace/install/limo_simulation/share/colcon-core/packages/limo_simulation)
[1.258s] DEBUG:colcon.colcon_core.event_handler.log_command:Invoked command in '/home/lancepharand11/robot_limo_ws/src/ros-task/workspace/build/limo_control' returned '0': CMAKE_PREFIX_PATH=${CMAKE_PREFIX_PATH}:/home/lancepharand11/ros2_ws/install/my_py_pkg:/opt/ros/humble /usr/bin/cmake /home/lancepharand11/robot_limo_ws/src/ros-task/workspace/limo_control -DCMAKE_INSTALL_PREFIX=/home/lancepharand11/robot_limo_ws/src/ros-task/workspace/install/limo_control
[1.260s] DEBUG:colcon.colcon_core.event_handler.log_command:Invoking command in '/home/lancepharand11/robot_limo_ws/src/ros-task/workspace/build/limo_control': CMAKE_PREFIX_PATH=${CMAKE_PREFIX_PATH}:/home/lancepharand11/ros2_ws/install/my_py_pkg:/opt/ros/humble /usr/bin/cmake --build /home/lancepharand11/robot_limo_ws/src/ros-task/workspace/build/limo_control -- -j16 -l16
[7.727s] DEBUG:colcon.colcon_core.event_handler.log_command:Invoked command in '/home/lancepharand11/robot_limo_ws/src/ros-task/workspace/build/limo_control' returned '0': CMAKE_PREFIX_PATH=${CMAKE_PREFIX_PATH}:/home/lancepharand11/ros2_ws/install/my_py_pkg:/opt/ros/humble /usr/bin/cmake --build /home/lancepharand11/robot_limo_ws/src/ros-task/workspace/build/limo_control -- -j16 -l16
[7.752s] DEBUG:colcon.colcon_core.event_handler.log_command:Invoking command in '/home/lancepharand11/robot_limo_ws/src/ros-task/workspace/build/limo_control': CMAKE_PREFIX_PATH=${CMAKE_PREFIX_PATH}:/home/lancepharand11/ros2_ws/install/my_py_pkg:/opt/ros/humble /usr/bin/cmake --install /home/lancepharand11/robot_limo_ws/src/ros-task/workspace/build/limo_control
[7.765s] Level 1:colcon.colcon_core.environment:create_environment_scripts_only(limo_control)
[7.765s] DEBUG:colcon.colcon_core.event_handler.log_command:Invoked command in '/home/lancepharand11/robot_limo_ws/src/ros-task/workspace/build/limo_control' returned '0': CMAKE_PREFIX_PATH=${CMAKE_PREFIX_PATH}:/home/lancepharand11/ros2_ws/install/my_py_pkg:/opt/ros/humble /usr/bin/cmake --install /home/lancepharand11/robot_limo_ws/src/ros-task/workspace/build/limo_control
[7.765s] Level 1:colcon.colcon_core.environment:checking '/home/lancepharand11/robot_limo_ws/src/ros-task/workspace/install/limo_control' for CMake module files
[7.766s] Level 1:colcon.colcon_core.environment:checking '/home/lancepharand11/robot_limo_ws/src/ros-task/workspace/install/limo_control' for CMake config files
[7.766s] Level 1:colcon.colcon_core.shell:create_environment_hook('limo_control', 'cmake_prefix_path')
[7.766s] INFO:colcon.colcon_core.shell:Creating environment hook '/home/lancepharand11/robot_limo_ws/src/ros-task/workspace/install/limo_control/share/limo_control/hook/cmake_prefix_path.ps1'
[7.767s] INFO:colcon.colcon_core.shell:Creating environment descriptor '/home/lancepharand11/robot_limo_ws/src/ros-task/workspace/install/limo_control/share/limo_control/hook/cmake_prefix_path.dsv'
[7.767s] INFO:colcon.colcon_core.shell:Creating environment hook '/home/lancepharand11/robot_limo_ws/src/ros-task/workspace/install/limo_control/share/limo_control/hook/cmake_prefix_path.sh'
[7.767s] Level 1:colcon.colcon_core.environment:checking '/home/lancepharand11/robot_limo_ws/src/ros-task/workspace/install/limo_control/lib'
[7.767s] Level 1:colcon.colcon_core.environment:checking '/home/lancepharand11/robot_limo_ws/src/ros-task/workspace/install/limo_control/bin'
[7.767s] Level 1:colcon.colcon_core.environment:checking '/home/lancepharand11/robot_limo_ws/src/ros-task/workspace/install/limo_control/lib/pkgconfig/limo_control.pc'
[7.768s] Level 1:colcon.colcon_core.environment:checking '/home/lancepharand11/robot_limo_ws/src/ros-task/workspace/install/limo_control/lib/python3.10/site-packages'
[7.768s] Level 1:colcon.colcon_core.environment:checking '/home/lancepharand11/robot_limo_ws/src/ros-task/workspace/install/limo_control/bin'
[7.768s] INFO:colcon.colcon_core.shell:Creating package script '/home/lancepharand11/robot_limo_ws/src/ros-task/workspace/install/limo_control/share/limo_control/package.ps1'
[7.768s] INFO:colcon.colcon_core.shell:Creating package descriptor '/home/lancepharand11/robot_limo_ws/src/ros-task/workspace/install/limo_control/share/limo_control/package.dsv'
[7.769s] INFO:colcon.colcon_core.shell:Creating package script '/home/lancepharand11/robot_limo_ws/src/ros-task/workspace/install/limo_control/share/limo_control/package.sh'
[7.769s] INFO:colcon.colcon_core.shell:Creating package script '/home/lancepharand11/robot_limo_ws/src/ros-task/workspace/install/limo_control/share/limo_control/package.bash'
[7.769s] INFO:colcon.colcon_core.shell:Creating package script '/home/lancepharand11/robot_limo_ws/src/ros-task/workspace/install/limo_control/share/limo_control/package.zsh'
[7.769s] Level 1:colcon.colcon_core.environment:create_file_with_runtime_dependencies(/home/lancepharand11/robot_limo_ws/src/ros-task/workspace/install/limo_control/share/colcon-core/packages/limo_control)
[7.794s] Level 1:colcon.colcon_core.environment:create_environment_scripts_only(limo_control)
[7.794s] Level 1:colcon.colcon_core.environment:checking '/home/lancepharand11/robot_limo_ws/src/ros-task/workspace/install/limo_control' for CMake module files
[7.794s] Level 1:colcon.colcon_core.environment:checking '/home/lancepharand11/robot_limo_ws/src/ros-task/workspace/install/limo_control' for CMake config files
[7.795s] Level 1:colcon.colcon_core.shell:create_environment_hook('limo_control', 'cmake_prefix_path')
[7.795s] INFO:colcon.colcon_core.shell:Creating environment hook '/home/lancepharand11/robot_limo_ws/src/ros-task/workspace/install/limo_control/share/limo_control/hook/cmake_prefix_path.ps1'
[7.795s] INFO:colcon.colcon_core.shell:Creating environment descriptor '/home/lancepharand11/robot_limo_ws/src/ros-task/workspace/install/limo_control/share/limo_control/hook/cmake_prefix_path.dsv'
[7.795s] INFO:colcon.colcon_core.shell:Creating environment hook '/home/lancepharand11/robot_limo_ws/src/ros-task/workspace/install/limo_control/share/limo_control/hook/cmake_prefix_path.sh'
[7.796s] Level 1:colcon.colcon_core.environment:checking '/home/lancepharand11/robot_limo_ws/src/ros-task/workspace/install/limo_control/lib'
[7.796s] Level 1:colcon.colcon_core.environment:checking '/home/lancepharand11/robot_limo_ws/src/ros-task/workspace/install/limo_control/bin'
[7.796s] Level 1:colcon.colcon_core.environment:checking '/home/lancepharand11/robot_limo_ws/src/ros-task/workspace/install/limo_control/lib/pkgconfig/limo_control.pc'
[7.796s] Level 1:colcon.colcon_core.environment:checking '/home/lancepharand11/robot_limo_ws/src/ros-task/workspace/install/limo_control/lib/python3.10/site-packages'
[7.796s] Level 1:colcon.colcon_core.environment:checking '/home/lancepharand11/robot_limo_ws/src/ros-task/workspace/install/limo_control/bin'
[7.796s] INFO:colcon.colcon_core.shell:Creating package script '/home/lancepharand11/robot_limo_ws/src/ros-task/workspace/install/limo_control/share/limo_control/package.ps1'
[7.797s] INFO:colcon.colcon_core.shell:Creating package descriptor '/home/lancepharand11/robot_limo_ws/src/ros-task/workspace/install/limo_control/share/limo_control/package.dsv'
[7.797s] INFO:colcon.colcon_core.shell:Creating package script '/home/lancepharand11/robot_limo_ws/src/ros-task/workspace/install/limo_control/share/limo_control/package.sh'
[7.797s] INFO:colcon.colcon_core.shell:Creating package script '/home/lancepharand11/robot_limo_ws/src/ros-task/workspace/install/limo_control/share/limo_control/package.bash'
[7.798s] INFO:colcon.colcon_core.shell:Creating package script '/home/lancepharand11/robot_limo_ws/src/ros-task/workspace/install/limo_control/share/limo_control/package.zsh'
[7.798s] Level 1:colcon.colcon_core.environment:create_file_with_runtime_dependencies(/home/lancepharand11/robot_limo_ws/src/ros-task/workspace/install/limo_control/share/colcon-core/packages/limo_control)
[7.798s] DEBUG:colcon.colcon_parallel_executor.executor.parallel:closing loop
[7.798s] DEBUG:colcon.colcon_parallel_executor.executor.parallel:loop closed
[7.798s] DEBUG:colcon.colcon_parallel_executor.executor.parallel:run_until_complete finished with '0'
[7.799s] DEBUG:colcon.colcon_core.event_reactor:joining thread
[7.803s] INFO:colcon.colcon_core.plugin_system:Skipping extension 'colcon_notification.desktop_notification.terminal_notifier': Not used on non-Darwin systems
[7.803s] INFO:colcon.colcon_core.plugin_system:Skipping extension 'colcon_notification.desktop_notification.win32': Not used on non-Windows systems
[7.803s] INFO:colcon.colcon_notification.desktop_notification:Sending desktop notification using 'notify2'
[7.813s] DEBUG:colcon.colcon_core.event_reactor:joined thread
[7.813s] INFO:colcon.colcon_core.shell:Creating prefix script '/home/lancepharand11/robot_limo_ws/src/ros-task/workspace/install/local_setup.ps1'
[7.814s] INFO:colcon.colcon_core.shell:Creating prefix util module '/home/lancepharand11/robot_limo_ws/src/ros-task/workspace/install/_local_setup_util_ps1.py'
[7.815s] INFO:colcon.colcon_core.shell:Creating prefix chain script '/home/lancepharand11/robot_limo_ws/src/ros-task/workspace/install/setup.ps1'
[7.816s] INFO:colcon.colcon_core.shell:Creating prefix script '/home/lancepharand11/robot_limo_ws/src/ros-task/workspace/install/local_setup.sh'
[7.816s] INFO:colcon.colcon_core.shell:Creating prefix util module '/home/lancepharand11/robot_limo_ws/src/ros-task/workspace/install/_local_setup_util_sh.py'
[7.817s] INFO:colcon.colcon_core.shell:Creating prefix chain script '/home/lancepharand11/robot_limo_ws/src/ros-task/workspace/install/setup.sh'
[7.818s] INFO:colcon.colcon_core.shell:Creating prefix script '/home/lancepharand11/robot_limo_ws/src/ros-task/workspace/install/local_setup.bash'
[7.818s] INFO:colcon.colcon_core.shell:Creating prefix chain script '/home/lancepharand11/robot_limo_ws/src/ros-task/workspace/install/setup.bash'
[7.819s] INFO:colcon.colcon_core.shell:Creating prefix script '/home/lancepharand11/robot_limo_ws/src/ros-task/workspace/install/local_setup.zsh'
[7.819s] INFO:colcon.colcon_core.shell:Creating prefix chain script '/home/lancepharand11/robot_limo_ws/src/ros-task/workspace/install/setup.zsh'
