[0.010s] Invoking command in '/home/lancepharand11/robot_limo_ws/src/ros-task/workspace/build/limo_control': CMAKE_PREFIX_PATH=${CMAKE_PREFIX_PATH}:/home/lancepharand11/ros2_ws/install/my_py_pkg:/opt/ros/humble /usr/bin/cmake /home/lancepharand11/robot_limo_ws/src/ros-task/workspace/limo_control -DCMAKE_INSTALL_PREFIX=/home/lancepharand11/robot_limo_ws/src/ros-task/workspace/install/limo_control
[0.057s] -- The C compiler identification is GNU 11.4.0
[0.102s] -- The CXX compiler identification is GNU 11.4.0
[0.108s] -- Detecting C compiler ABI info
[0.166s] -- Detecting C compiler ABI info - done
[0.171s] -- Check for working C compiler: /usr/bin/cc - skipped
[0.171s] -- Detecting C compile features
[0.172s] -- Detecting C compile features - done
[0.174s] -- Detecting CXX compiler ABI info
[0.241s] -- Detecting CXX compiler ABI info - done
[0.246s] -- Check for working CXX compiler: /usr/bin/c++ - skipped
[0.246s] -- Detecting CXX compile features
[0.247s] -- Detecting CXX compile features - done
[0.249s] -- Found ament_cmake: 1.3.10 (/opt/ros/humble/share/ament_cmake/cmake)
[0.370s] -- Found Python3: /usr/bin/python3 (found version "3.10.12") found components: Interpreter 
[0.455s] -- Found rclcpp: 16.0.10 (/opt/ros/humble/share/rclcpp/cmake)
[0.495s] -- Found rosidl_generator_c: 3.1.5 (/opt/ros/humble/share/rosidl_generator_c/cmake)
[0.500s] -- Found rosidl_adapter: 3.1.5 (/opt/ros/humble/share/rosidl_adapter/cmake)
[0.508s] -- Found rosidl_generator_cpp: 3.1.5 (/opt/ros/humble/share/rosidl_generator_cpp/cmake)
[0.519s] -- Using all available rosidl_typesupport_c: rosidl_typesupport_fastrtps_c;rosidl_typesupport_introspection_c
[0.533s] -- Using all available rosidl_typesupport_cpp: rosidl_typesupport_fastrtps_cpp;rosidl_typesupport_introspection_cpp
[0.574s] -- Found rmw_implementation_cmake: 6.1.2 (/opt/ros/humble/share/rmw_implementation_cmake/cmake)
[0.576s] -- Found rmw_fastrtps_cpp: 6.2.7 (/opt/ros/humble/share/rmw_fastrtps_cpp/cmake)
[0.660s] -- Found OpenSSL: /usr/lib/x86_64-linux-gnu/libcrypto.so (found version "3.0.2")  
[0.688s] -- Found FastRTPS: /opt/ros/humble/include  
[0.731s] -- Using RMW implementation 'rmw_fastrtps_cpp' as default
[0.739s] -- Looking for pthread.h
[0.802s] -- Looking for pthread.h - found
[0.802s] -- Performing Test CMAKE_HAVE_LIBC_PTHREAD
[0.865s] -- Performing Test CMAKE_HAVE_LIBC_PTHREAD - Success
[0.866s] -- Found Threads: TRUE  
[0.908s] -- Found geometry_msgs: 4.2.4 (/opt/ros/humble/share/geometry_msgs/cmake)
[0.918s] -- Found nav_msgs: 4.2.4 (/opt/ros/humble/share/nav_msgs/cmake)
[0.982s] -- Configuring done
[0.990s] -- Generating done
[0.991s] -- Build files have been written to: /home/lancepharand11/robot_limo_ws/src/ros-task/workspace/build/limo_control
[1.001s] Invoked command in '/home/lancepharand11/robot_limo_ws/src/ros-task/workspace/build/limo_control' returned '0': CMAKE_PREFIX_PATH=${CMAKE_PREFIX_PATH}:/home/lancepharand11/ros2_ws/install/my_py_pkg:/opt/ros/humble /usr/bin/cmake /home/lancepharand11/robot_limo_ws/src/ros-task/workspace/limo_control -DCMAKE_INSTALL_PREFIX=/home/lancepharand11/robot_limo_ws/src/ros-task/workspace/install/limo_control
[1.002s] Invoking command in '/home/lancepharand11/robot_limo_ws/src/ros-task/workspace/build/limo_control': CMAKE_PREFIX_PATH=${CMAKE_PREFIX_PATH}:/home/lancepharand11/ros2_ws/install/my_py_pkg:/opt/ros/humble /usr/bin/cmake --build /home/lancepharand11/robot_limo_ws/src/ros-task/workspace/build/limo_control -- -j16 -l16
[1.046s] [ 50%] [32mBuilding CXX object CMakeFiles/limo_node.dir/src/limo_node.cpp.o[0m
[7.151s] [100%] [32m[1mLinking CXX executable limo_node[0m
[7.427s] [100%] Built target limo_node
[7.438s] Invoked command in '/home/lancepharand11/robot_limo_ws/src/ros-task/workspace/build/limo_control' returned '0': CMAKE_PREFIX_PATH=${CMAKE_PREFIX_PATH}:/home/lancepharand11/ros2_ws/install/my_py_pkg:/opt/ros/humble /usr/bin/cmake --build /home/lancepharand11/robot_limo_ws/src/ros-task/workspace/build/limo_control -- -j16 -l16
[7.462s] Invoking command in '/home/lancepharand11/robot_limo_ws/src/ros-task/workspace/build/limo_control': CMAKE_PREFIX_PATH=${CMAKE_PREFIX_PATH}:/home/lancepharand11/ros2_ws/install/my_py_pkg:/opt/ros/humble /usr/bin/cmake --install /home/lancepharand11/robot_limo_ws/src/ros-task/workspace/build/limo_control
[7.468s] -- Install configuration: ""
[7.468s] -- Installing: /home/lancepharand11/robot_limo_ws/src/ros-task/workspace/install/limo_control/lib/limo_control/limo_node
[7.471s] -- Set runtime path of "/home/lancepharand11/robot_limo_ws/src/ros-task/workspace/install/limo_control/lib/limo_control/limo_node" to ""
[7.472s] -- Installing: /home/lancepharand11/robot_limo_ws/src/ros-task/workspace/install/limo_control/share/ament_index/resource_index/package_run_dependencies/limo_control
[7.472s] -- Installing: /home/lancepharand11/robot_limo_ws/src/ros-task/workspace/install/limo_control/share/ament_index/resource_index/parent_prefix_path/limo_control
[7.472s] -- Installing: /home/lancepharand11/robot_limo_ws/src/ros-task/workspace/install/limo_control/share/limo_control/environment/ament_prefix_path.sh
[7.472s] -- Installing: /home/lancepharand11/robot_limo_ws/src/ros-task/workspace/install/limo_control/share/limo_control/environment/ament_prefix_path.dsv
[7.472s] -- Installing: /home/lancepharand11/robot_limo_ws/src/ros-task/workspace/install/limo_control/share/limo_control/environment/path.sh
[7.472s] -- Installing: /home/lancepharand11/robot_limo_ws/src/ros-task/workspace/install/limo_control/share/limo_control/environment/path.dsv
[7.473s] -- Installing: /home/lancepharand11/robot_limo_ws/src/ros-task/workspace/install/limo_control/share/limo_control/local_setup.bash
[7.473s] -- Installing: /home/lancepharand11/robot_limo_ws/src/ros-task/workspace/install/limo_control/share/limo_control/local_setup.sh
[7.473s] -- Installing: /home/lancepharand11/robot_limo_ws/src/ros-task/workspace/install/limo_control/share/limo_control/local_setup.zsh
[7.473s] -- Installing: /home/lancepharand11/robot_limo_ws/src/ros-task/workspace/install/limo_control/share/limo_control/local_setup.dsv
[7.473s] -- Installing: /home/lancepharand11/robot_limo_ws/src/ros-task/workspace/install/limo_control/share/limo_control/package.dsv
[7.473s] -- Installing: /home/lancepharand11/robot_limo_ws/src/ros-task/workspace/install/limo_control/share/ament_index/resource_index/packages/limo_control
[7.473s] -- Installing: /home/lancepharand11/robot_limo_ws/src/ros-task/workspace/install/limo_control/share/limo_control/cmake/limo_controlConfig.cmake
[7.474s] -- Installing: /home/lancepharand11/robot_limo_ws/src/ros-task/workspace/install/limo_control/share/limo_control/cmake/limo_controlConfig-version.cmake
[7.474s] -- Installing: /home/lancepharand11/robot_limo_ws/src/ros-task/workspace/install/limo_control/share/limo_control/package.xml
[7.475s] Invoked command in '/home/lancepharand11/robot_limo_ws/src/ros-task/workspace/build/limo_control' returned '0': CMAKE_PREFIX_PATH=${CMAKE_PREFIX_PATH}:/home/lancepharand11/ros2_ws/install/my_py_pkg:/opt/ros/humble /usr/bin/cmake --install /home/lancepharand11/robot_limo_ws/src/ros-task/workspace/build/limo_control
