[0.009s] Invoking command in '/home/lancepharand11/robot_limo_ws/src/ros-task/workspace/build/limo_simulation': CMAKE_PREFIX_PATH=${CMAKE_PREFIX_PATH}:/home/lancepharand11/ros2_ws/install/my_py_pkg:/opt/ros/humble /usr/bin/cmake /home/lancepharand11/robot_limo_ws/src/ros-task/workspace/limo_simulation -DCMAKE_INSTALL_PREFIX=/home/lancepharand11/robot_limo_ws/src/ros-task/workspace/install/limo_simulation
[0.052s] -- The C compiler identification is GNU 11.4.0
[0.097s] -- The CXX compiler identification is GNU 11.4.0
[0.103s] -- Detecting C compiler ABI info
[0.161s] -- Detecting C compiler ABI info - done
[0.166s] -- Check for working C compiler: /usr/bin/cc - skipped
[0.166s] -- Detecting C compile features
[0.167s] -- Detecting C compile features - done
[0.169s] -- Detecting CXX compiler ABI info
[0.236s] -- Detecting CXX compiler ABI info - done
[0.241s] -- Check for working CXX compiler: /usr/bin/c++ - skipped
[0.241s] -- Detecting CXX compile features
[0.242s] -- Detecting CXX compile features - done
[0.244s] -- Found ament_cmake: 1.3.10 (/opt/ros/humble/share/ament_cmake/cmake)
[0.365s] -- Found Python3: /usr/bin/python3 (found version "3.10.12") found components: Interpreter 
[0.447s] -- Found urdf: 2.6.0 (/opt/ros/humble/share/urdf/cmake)
[0.548s] -- Configuring done
[0.551s] -- Generating done
[0.552s] -- Build files have been written to: /home/lancepharand11/robot_limo_ws/src/ros-task/workspace/build/limo_simulation
[0.557s] Invoked command in '/home/lancepharand11/robot_limo_ws/src/ros-task/workspace/build/limo_simulation' returned '0': CMAKE_PREFIX_PATH=${CMAKE_PREFIX_PATH}:/home/lancepharand11/ros2_ws/install/my_py_pkg:/opt/ros/humble /usr/bin/cmake /home/lancepharand11/robot_limo_ws/src/ros-task/workspace/limo_simulation -DCMAKE_INSTALL_PREFIX=/home/lancepharand11/robot_limo_ws/src/ros-task/workspace/install/limo_simulation
[0.559s] Invoking command in '/home/lancepharand11/robot_limo_ws/src/ros-task/workspace/build/limo_simulation': CMAKE_PREFIX_PATH=${CMAKE_PREFIX_PATH}:/home/lancepharand11/ros2_ws/install/my_py_pkg:/opt/ros/humble /usr/bin/cmake --build /home/lancepharand11/robot_limo_ws/src/ros-task/workspace/build/limo_simulation -- -j16 -l16
[0.594s] Invoked command in '/home/lancepharand11/robot_limo_ws/src/ros-task/workspace/build/limo_simulation' returned '0': CMAKE_PREFIX_PATH=${CMAKE_PREFIX_PATH}:/home/lancepharand11/ros2_ws/install/my_py_pkg:/opt/ros/humble /usr/bin/cmake --build /home/lancepharand11/robot_limo_ws/src/ros-task/workspace/build/limo_simulation -- -j16 -l16
[0.622s] Invoking command in '/home/lancepharand11/robot_limo_ws/src/ros-task/workspace/build/limo_simulation': CMAKE_PREFIX_PATH=${CMAKE_PREFIX_PATH}:/home/lancepharand11/ros2_ws/install/my_py_pkg:/opt/ros/humble /usr/bin/cmake --install /home/lancepharand11/robot_limo_ws/src/ros-task/workspace/build/limo_simulation
[0.628s] -- Install configuration: ""
[0.628s] -- Installing: /home/lancepharand11/robot_limo_ws/src/ros-task/workspace/install/limo_simulation/share/limo_simulation/launch
[0.628s] -- Installing: /home/lancepharand11/robot_limo_ws/src/ros-task/workspace/install/limo_simulation/share/limo_simulation/launch/limo.launch.py
[0.628s] -- Installing: /home/lancepharand11/robot_limo_ws/src/ros-task/workspace/install/limo_simulation/share/limo_simulation/meshes
[0.629s] -- Installing: /home/lancepharand11/robot_limo_ws/src/ros-task/workspace/install/limo_simulation/share/limo_simulation/meshes/limo_base.stl
[0.667s] -- Installing: /home/lancepharand11/robot_limo_ws/src/ros-task/workspace/install/limo_simulation/share/limo_simulation/meshes/limo_wheel.stl
[0.674s] -- Installing: /home/lancepharand11/robot_limo_ws/src/ros-task/workspace/install/limo_simulation/share/limo_simulation/meshes/limo_wheel.dae
[0.686s] -- Installing: /home/lancepharand11/robot_limo_ws/src/ros-task/workspace/install/limo_simulation/share/limo_simulation/meshes/limo_base_decimated.dae
[0.688s] -- Installing: /home/lancepharand11/robot_limo_ws/src/ros-task/workspace/install/limo_simulation/share/limo_simulation/meshes/limo_base.dae
[0.740s] -- Installing: /home/lancepharand11/robot_limo_ws/src/ros-task/workspace/install/limo_simulation/share/limo_simulation/urdf
[0.740s] -- Installing: /home/lancepharand11/robot_limo_ws/src/ros-task/workspace/install/limo_simulation/share/limo_simulation/urdf/limo_xacro.xacro
[0.740s] -- Installing: /home/lancepharand11/robot_limo_ws/src/ros-task/workspace/install/limo_simulation/share/limo_simulation/urdf/limo_four_diff.gazebo
[0.740s] -- Installing: /home/lancepharand11/robot_limo_ws/src/ros-task/workspace/install/limo_simulation/share/limo_simulation/urdf/limo_four_diff.xacro
[0.740s] -- Installing: /home/lancepharand11/robot_limo_ws/src/ros-task/workspace/install/limo_simulation/share/limo_simulation/worlds
[0.740s] -- Installing: /home/lancepharand11/robot_limo_ws/src/ros-task/workspace/install/limo_simulation/share/limo_simulation/worlds/empty.sdf
[0.741s] -- Installing: /home/lancepharand11/robot_limo_ws/src/ros-task/workspace/install/limo_simulation/share/ament_index/resource_index/package_run_dependencies/limo_simulation
[0.741s] -- Installing: /home/lancepharand11/robot_limo_ws/src/ros-task/workspace/install/limo_simulation/share/ament_index/resource_index/parent_prefix_path/limo_simulation
[0.741s] -- Installing: /home/lancepharand11/robot_limo_ws/src/ros-task/workspace/install/limo_simulation/share/limo_simulation/environment/ament_prefix_path.sh
[0.741s] -- Installing: /home/lancepharand11/robot_limo_ws/src/ros-task/workspace/install/limo_simulation/share/limo_simulation/environment/ament_prefix_path.dsv
[0.741s] -- Installing: /home/lancepharand11/robot_limo_ws/src/ros-task/workspace/install/limo_simulation/share/limo_simulation/environment/path.sh
[0.741s] -- Installing: /home/lancepharand11/robot_limo_ws/src/ros-task/workspace/install/limo_simulation/share/limo_simulation/environment/path.dsv
[0.741s] -- Installing: /home/lancepharand11/robot_limo_ws/src/ros-task/workspace/install/limo_simulation/share/limo_simulation/local_setup.bash
[0.742s] -- Installing: /home/lancepharand11/robot_limo_ws/src/ros-task/workspace/install/limo_simulation/share/limo_simulation/local_setup.sh
[0.742s] -- Installing: /home/lancepharand11/robot_limo_ws/src/ros-task/workspace/install/limo_simulation/share/limo_simulation/local_setup.zsh
[0.742s] -- Installing: /home/lancepharand11/robot_limo_ws/src/ros-task/workspace/install/limo_simulation/share/limo_simulation/local_setup.dsv
[0.742s] -- Installing: /home/lancepharand11/robot_limo_ws/src/ros-task/workspace/install/limo_simulation/share/limo_simulation/package.dsv
[0.742s] -- Installing: /home/lancepharand11/robot_limo_ws/src/ros-task/workspace/install/limo_simulation/share/ament_index/resource_index/packages/limo_simulation
[0.742s] -- Installing: /home/lancepharand11/robot_limo_ws/src/ros-task/workspace/install/limo_simulation/share/limo_simulation/cmake/ament_cmake_export_dependencies-extras.cmake
[0.742s] -- Installing: /home/lancepharand11/robot_limo_ws/src/ros-task/workspace/install/limo_simulation/share/limo_simulation/cmake/limo_simulationConfig.cmake
[0.743s] -- Installing: /home/lancepharand11/robot_limo_ws/src/ros-task/workspace/install/limo_simulation/share/limo_simulation/cmake/limo_simulationConfig-version.cmake
[0.743s] -- Installing: /home/lancepharand11/robot_limo_ws/src/ros-task/workspace/install/limo_simulation/share/limo_simulation/package.xml
[0.745s] Invoked command in '/home/lancepharand11/robot_limo_ws/src/ros-task/workspace/build/limo_simulation' returned '0': CMAKE_PREFIX_PATH=${CMAKE_PREFIX_PATH}:/home/lancepharand11/ros2_ws/install/my_py_pkg:/opt/ros/humble /usr/bin/cmake --install /home/lancepharand11/robot_limo_ws/src/ros-task/workspace/build/limo_simulation
